<?xml version="1.0" encoding="UTF-8"?>
<testsuite xmlns:xsi="http://www.w3.org/2001/XMLSchema-instance" xsi:noNamespaceSchemaLocation="https://maven.apache.org/surefire/maven-surefire-plugin/xsd/surefire-test-report-3.0.xsd" version="3.0" name="TestSuite" time="161.143" tests="10" errors="0" skipped="0" failures="1">
  <properties>
    <property name="sun.desktop" value="windows"/>
    <property name="awt.toolkit" value="sun.awt.windows.WToolkit"/>
    <property name="file.encoding.pkg" value="sun.io"/>
    <property name="java.specification.version" value="1.8"/>
    <property name="webdriver.chrome.driver" value=".\resources\driver\chromedriver.exe"/>
    <property name="sun.cpu.isalist" value="amd64"/>
    <property name="sun.jnu.encoding" value="Cp1252"/>
    <property name="java.class.path" value="C:\Users\sivaj\eclipse-workspace\FreeCRMTestAutomation\target\test-classes;C:\Users\sivaj\eclipse-workspace\FreeCRMTestAutomation\target\classes;C:\Users\sivaj\.m2\repository\org\seleniumhq\selenium\selenium-java\3.141.59\selenium-java-3.141.59.jar;C:\Users\sivaj\.m2\repository\org\seleniumhq\selenium\selenium-api\3.141.59\selenium-api-3.141.59.jar;C:\Users\sivaj\.m2\repository\org\seleniumhq\selenium\selenium-chrome-driver\3.141.59\selenium-chrome-driver-3.141.59.jar;C:\Users\sivaj\.m2\repository\org\seleniumhq\selenium\selenium-edge-driver\3.141.59\selenium-edge-driver-3.141.59.jar;C:\Users\sivaj\.m2\repository\org\seleniumhq\selenium\selenium-firefox-driver\3.141.59\selenium-firefox-driver-3.141.59.jar;C:\Users\sivaj\.m2\repository\org\seleniumhq\selenium\selenium-ie-driver\3.141.59\selenium-ie-driver-3.141.59.jar;C:\Users\sivaj\.m2\repository\org\seleniumhq\selenium\selenium-opera-driver\3.141.59\selenium-opera-driver-3.141.59.jar;C:\Users\sivaj\.m2\repository\org\seleniumhq\selenium\selenium-remote-driver\3.141.59\selenium-remote-driver-3.141.59.jar;C:\Users\sivaj\.m2\repository\org\seleniumhq\selenium\selenium-safari-driver\3.141.59\selenium-safari-driver-3.141.59.jar;C:\Users\sivaj\.m2\repository\org\seleniumhq\selenium\selenium-support\3.141.59\selenium-support-3.141.59.jar;C:\Users\sivaj\.m2\repository\net\bytebuddy\byte-buddy\1.8.15\byte-buddy-1.8.15.jar;C:\Users\sivaj\.m2\repository\org\apache\commons\commons-exec\1.3\commons-exec-1.3.jar;C:\Users\sivaj\.m2\repository\com\google\guava\guava\25.0-jre\guava-25.0-jre.jar;C:\Users\sivaj\.m2\repository\com\google\code\findbugs\jsr305\1.3.9\jsr305-1.3.9.jar;C:\Users\sivaj\.m2\repository\org\checkerframework\checker-compat-qual\2.0.0\checker-compat-qual-2.0.0.jar;C:\Users\sivaj\.m2\repository\com\google\errorprone\error_prone_annotations\2.1.3\error_prone_annotations-2.1.3.jar;C:\Users\sivaj\.m2\repository\com\google\j2objc\j2objc-annotations\1.1\j2objc-annotations-1.1.jar;C:\Users\sivaj\.m2\repository\org\codehaus\mojo\animal-sniffer-annotations\1.14\animal-sniffer-annotations-1.14.jar;C:\Users\sivaj\.m2\repository\com\squareup\okhttp3\okhttp\3.11.0\okhttp-3.11.0.jar;C:\Users\sivaj\.m2\repository\com\squareup\okio\okio\1.14.0\okio-1.14.0.jar;C:\Users\sivaj\.m2\repository\org\testng\testng\6.14.3\testng-6.14.3.jar;C:\Users\sivaj\.m2\repository\com\beust\jcommander\1.72\jcommander-1.72.jar;C:\Users\sivaj\.m2\repository\org\apache-extras\beanshell\bsh\2.0b6\bsh-2.0b6.jar;C:\Users\sivaj\.m2\repository\org\apache\poi\poi-ooxml\4.1.2\poi-ooxml-4.1.2.jar;C:\Users\sivaj\.m2\repository\org\apache\poi\poi\4.1.2\poi-4.1.2.jar;C:\Users\sivaj\.m2\repository\commons-codec\commons-codec\1.13\commons-codec-1.13.jar;C:\Users\sivaj\.m2\repository\org\apache\commons\commons-collections4\4.4\commons-collections4-4.4.jar;C:\Users\sivaj\.m2\repository\org\apache\commons\commons-math3\3.6.1\commons-math3-3.6.1.jar;C:\Users\sivaj\.m2\repository\com\zaxxer\SparseBitSet\1.2\SparseBitSet-1.2.jar;C:\Users\sivaj\.m2\repository\org\apache\poi\poi-ooxml-schemas\4.1.2\poi-ooxml-schemas-4.1.2.jar;C:\Users\sivaj\.m2\repository\org\apache\xmlbeans\xmlbeans\3.1.0\xmlbeans-3.1.0.jar;C:\Users\sivaj\.m2\repository\org\apache\commons\commons-compress\1.19\commons-compress-1.19.jar;C:\Users\sivaj\.m2\repository\com\github\virtuald\curvesapi\1.06\curvesapi-1.06.jar;C:\Users\sivaj\.m2\repository\com\aventstack\extentreports\5.0.3\extentreports-5.0.3.jar;C:\Users\sivaj\.m2\repository\io\reactivex\rxjava3\rxjava\3.0.4\rxjava-3.0.4.jar;C:\Users\sivaj\.m2\repository\org\reactivestreams\reactive-streams\1.0.3\reactive-streams-1.0.3.jar;C:\Users\sivaj\.m2\repository\org\freemarker\freemarker\2.3.30\freemarker-2.3.30.jar;C:\Users\sivaj\.m2\repository\org\projectlombok\lombok\1.18.12\lombok-1.18.12.jar;C:\Users\sivaj\.m2\repository\com\google\code\gson\gson\2.8.6\gson-2.8.6.jar;C:\Users\sivaj\.m2\repository\org\apache\logging\log4j\log4j-api\2.14.1\log4j-api-2.14.1.jar;C:\Users\sivaj\.m2\repository\org\apache\logging\log4j\log4j-core\2.14.1\log4j-core-2.14.1.jar;C:\Users\sivaj\.m2\repository\junit\junit\4.11\junit-4.11.jar;C:\Users\sivaj\.m2\repository\org\hamcrest\hamcrest-core\1.3\hamcrest-core-1.3.jar;C:\Users\sivaj\.m2\repository\io\cucumber\cucumber-java\5.5.0\cucumber-java-5.5.0.jar;C:\Users\sivaj\.m2\repository\org\apiguardian\apiguardian-api\1.1.0\apiguardian-api-1.1.0.jar;C:\Users\sivaj\.m2\repository\io\cucumber\cucumber-junit\5.5.0\cucumber-junit-5.5.0.jar;C:\Users\sivaj\.m2\repository\io\cucumber\cucumber-core\5.5.0\cucumber-core-5.5.0.jar;C:\Users\sivaj\.m2\repository\io\cucumber\cucumber-gherkin\5.5.0\cucumber-gherkin-5.5.0.jar;C:\Users\sivaj\.m2\repository\io\cucumber\cucumber-gherkin-vintage\5.5.0\cucumber-gherkin-vintage-5.5.0.jar;C:\Users\sivaj\.m2\repository\io\cucumber\tag-expressions\2.0.4\tag-expressions-2.0.4.jar;C:\Users\sivaj\.m2\repository\io\cucumber\cucumber-expressions\8.3.1\cucumber-expressions-8.3.1.jar;C:\Users\sivaj\.m2\repository\io\cucumber\datatable\3.3.0\datatable-3.3.0.jar;C:\Users\sivaj\.m2\repository\io\cucumber\cucumber-plugin\5.5.0\cucumber-plugin-5.5.0.jar;C:\Users\sivaj\.m2\repository\io\cucumber\docstring\5.5.0\docstring-5.5.0.jar;C:\Users\sivaj\.m2\repository\io\cucumber\cucumber-testng\5.6.0\cucumber-testng-5.6.0.jar;"/>
    <property name="java.vm.vendor" value="Oracle Corporation"/>
    <property name="sun.arch.data.model" value="64"/>
    <property name="user.variant" value=""/>
    <property name="java.vendor.url" value="http://java.oracle.com/"/>
    <property name="user.timezone" value="America/Denver"/>
    <property name="java.vm.specification.version" value="1.8"/>
    <property name="os.name" value="Windows 10"/>
    <property name="user.country" value="US"/>
    <property name="sun.java.launcher" value="SUN_STANDARD"/>
    <property name="sun.boot.library.path" value="C:\Program Files\Java\jdk1.8.0_261\jre\bin"/>
    <property name="sun.java.command" value="C:\Users\sivaj\AppData\Local\Temp\surefire4304112842360975402\surefirebooter2176004045157906263.jar C:\Users\sivaj\AppData\Local\Temp\surefire4304112842360975402 2021-11-24T16-14-51_591-jvmRun1 surefire8256288208361612074tmp surefire_03216155690609427133tmp"/>
    <property name="surefire.test.class.path" value="C:\Users\sivaj\eclipse-workspace\FreeCRMTestAutomation\target\test-classes;C:\Users\sivaj\eclipse-workspace\FreeCRMTestAutomation\target\classes;C:\Users\sivaj\.m2\repository\org\seleniumhq\selenium\selenium-java\3.141.59\selenium-java-3.141.59.jar;C:\Users\sivaj\.m2\repository\org\seleniumhq\selenium\selenium-api\3.141.59\selenium-api-3.141.59.jar;C:\Users\sivaj\.m2\repository\org\seleniumhq\selenium\selenium-chrome-driver\3.141.59\selenium-chrome-driver-3.141.59.jar;C:\Users\sivaj\.m2\repository\org\seleniumhq\selenium\selenium-edge-driver\3.141.59\selenium-edge-driver-3.141.59.jar;C:\Users\sivaj\.m2\repository\org\seleniumhq\selenium\selenium-firefox-driver\3.141.59\selenium-firefox-driver-3.141.59.jar;C:\Users\sivaj\.m2\repository\org\seleniumhq\selenium\selenium-ie-driver\3.141.59\selenium-ie-driver-3.141.59.jar;C:\Users\sivaj\.m2\repository\org\seleniumhq\selenium\selenium-opera-driver\3.141.59\selenium-opera-driver-3.141.59.jar;C:\Users\sivaj\.m2\repository\org\seleniumhq\selenium\selenium-remote-driver\3.141.59\selenium-remote-driver-3.141.59.jar;C:\Users\sivaj\.m2\repository\org\seleniumhq\selenium\selenium-safari-driver\3.141.59\selenium-safari-driver-3.141.59.jar;C:\Users\sivaj\.m2\repository\org\seleniumhq\selenium\selenium-support\3.141.59\selenium-support-3.141.59.jar;C:\Users\sivaj\.m2\repository\net\bytebuddy\byte-buddy\1.8.15\byte-buddy-1.8.15.jar;C:\Users\sivaj\.m2\repository\org\apache\commons\commons-exec\1.3\commons-exec-1.3.jar;C:\Users\sivaj\.m2\repository\com\google\guava\guava\25.0-jre\guava-25.0-jre.jar;C:\Users\sivaj\.m2\repository\com\google\code\findbugs\jsr305\1.3.9\jsr305-1.3.9.jar;C:\Users\sivaj\.m2\repository\org\checkerframework\checker-compat-qual\2.0.0\checker-compat-qual-2.0.0.jar;C:\Users\sivaj\.m2\repository\com\google\errorprone\error_prone_annotations\2.1.3\error_prone_annotations-2.1.3.jar;C:\Users\sivaj\.m2\repository\com\google\j2objc\j2objc-annotations\1.1\j2objc-annotations-1.1.jar;C:\Users\sivaj\.m2\repository\org\codehaus\mojo\animal-sniffer-annotations\1.14\animal-sniffer-annotations-1.14.jar;C:\Users\sivaj\.m2\repository\com\squareup\okhttp3\okhttp\3.11.0\okhttp-3.11.0.jar;C:\Users\sivaj\.m2\repository\com\squareup\okio\okio\1.14.0\okio-1.14.0.jar;C:\Users\sivaj\.m2\repository\org\testng\testng\6.14.3\testng-6.14.3.jar;C:\Users\sivaj\.m2\repository\com\beust\jcommander\1.72\jcommander-1.72.jar;C:\Users\sivaj\.m2\repository\org\apache-extras\beanshell\bsh\2.0b6\bsh-2.0b6.jar;C:\Users\sivaj\.m2\repository\org\apache\poi\poi-ooxml\4.1.2\poi-ooxml-4.1.2.jar;C:\Users\sivaj\.m2\repository\org\apache\poi\poi\4.1.2\poi-4.1.2.jar;C:\Users\sivaj\.m2\repository\commons-codec\commons-codec\1.13\commons-codec-1.13.jar;C:\Users\sivaj\.m2\repository\org\apache\commons\commons-collections4\4.4\commons-collections4-4.4.jar;C:\Users\sivaj\.m2\repository\org\apache\commons\commons-math3\3.6.1\commons-math3-3.6.1.jar;C:\Users\sivaj\.m2\repository\com\zaxxer\SparseBitSet\1.2\SparseBitSet-1.2.jar;C:\Users\sivaj\.m2\repository\org\apache\poi\poi-ooxml-schemas\4.1.2\poi-ooxml-schemas-4.1.2.jar;C:\Users\sivaj\.m2\repository\org\apache\xmlbeans\xmlbeans\3.1.0\xmlbeans-3.1.0.jar;C:\Users\sivaj\.m2\repository\org\apache\commons\commons-compress\1.19\commons-compress-1.19.jar;C:\Users\sivaj\.m2\repository\com\github\virtuald\curvesapi\1.06\curvesapi-1.06.jar;C:\Users\sivaj\.m2\repository\com\aventstack\extentreports\5.0.3\extentreports-5.0.3.jar;C:\Users\sivaj\.m2\repository\io\reactivex\rxjava3\rxjava\3.0.4\rxjava-3.0.4.jar;C:\Users\sivaj\.m2\repository\org\reactivestreams\reactive-streams\1.0.3\reactive-streams-1.0.3.jar;C:\Users\sivaj\.m2\repository\org\freemarker\freemarker\2.3.30\freemarker-2.3.30.jar;C:\Users\sivaj\.m2\repository\org\projectlombok\lombok\1.18.12\lombok-1.18.12.jar;C:\Users\sivaj\.m2\repository\com\google\code\gson\gson\2.8.6\gson-2.8.6.jar;C:\Users\sivaj\.m2\repository\org\apache\logging\log4j\log4j-api\2.14.1\log4j-api-2.14.1.jar;C:\Users\sivaj\.m2\repository\org\apache\logging\log4j\log4j-core\2.14.1\log4j-core-2.14.1.jar;C:\Users\sivaj\.m2\repository\junit\junit\4.11\junit-4.11.jar;C:\Users\sivaj\.m2\repository\org\hamcrest\hamcrest-core\1.3\hamcrest-core-1.3.jar;C:\Users\sivaj\.m2\repository\io\cucumber\cucumber-java\5.5.0\cucumber-java-5.5.0.jar;C:\Users\sivaj\.m2\repository\org\apiguardian\apiguardian-api\1.1.0\apiguardian-api-1.1.0.jar;C:\Users\sivaj\.m2\repository\io\cucumber\cucumber-junit\5.5.0\cucumber-junit-5.5.0.jar;C:\Users\sivaj\.m2\repository\io\cucumber\cucumber-core\5.5.0\cucumber-core-5.5.0.jar;C:\Users\sivaj\.m2\repository\io\cucumber\cucumber-gherkin\5.5.0\cucumber-gherkin-5.5.0.jar;C:\Users\sivaj\.m2\repository\io\cucumber\cucumber-gherkin-vintage\5.5.0\cucumber-gherkin-vintage-5.5.0.jar;C:\Users\sivaj\.m2\repository\io\cucumber\tag-expressions\2.0.4\tag-expressions-2.0.4.jar;C:\Users\sivaj\.m2\repository\io\cucumber\cucumber-expressions\8.3.1\cucumber-expressions-8.3.1.jar;C:\Users\sivaj\.m2\repository\io\cucumber\datatable\3.3.0\datatable-3.3.0.jar;C:\Users\sivaj\.m2\repository\io\cucumber\cucumber-plugin\5.5.0\cucumber-plugin-5.5.0.jar;C:\Users\sivaj\.m2\repository\io\cucumber\docstring\5.5.0\docstring-5.5.0.jar;C:\Users\sivaj\.m2\repository\io\cucumber\cucumber-testng\5.6.0\cucumber-testng-5.6.0.jar;"/>
    <property name="sun.cpu.endian" value="little"/>
    <property name="user.home" value="C:\Users\sivaj"/>
    <property name="user.language" value="en"/>
    <property name="java.specification.vendor" value="Oracle Corporation"/>
    <property name="java.home" value="C:\Program Files\Java\jdk1.8.0_261\jre"/>
    <property name="basedir" value="C:\Users\sivaj\eclipse-workspace\FreeCRMTestAutomation"/>
    <property name="file.separator" value="\"/>
    <property name="line.separator" value="&#10;"/>
    <property name="java.vm.specification.vendor" value="Oracle Corporation"/>
    <property name="java.specification.name" value="Java Platform API Specification"/>
    <property name="java.awt.graphicsenv" value="sun.awt.Win32GraphicsEnvironment"/>
    <property name="surefire.real.class.path" value="C:\Users\sivaj\AppData\Local\Temp\surefire4304112842360975402\surefirebooter2176004045157906263.jar"/>
    <property name="sun.boot.class.path" value="C:\Program Files\Java\jdk1.8.0_261\jre\lib\resources.jar;C:\Program Files\Java\jdk1.8.0_261\jre\lib\rt.jar;C:\Program Files\Java\jdk1.8.0_261\jre\lib\sunrsasign.jar;C:\Program Files\Java\jdk1.8.0_261\jre\lib\jsse.jar;C:\Program Files\Java\jdk1.8.0_261\jre\lib\jce.jar;C:\Program Files\Java\jdk1.8.0_261\jre\lib\charsets.jar;C:\Program Files\Java\jdk1.8.0_261\jre\lib\jfr.jar;C:\Program Files\Java\jdk1.8.0_261\jre\classes"/>
    <property name="user.script" value=""/>
    <property name="sun.management.compiler" value="HotSpot 64-Bit Tiered Compilers"/>
    <property name="java.runtime.version" value="1.8.0_261-b12"/>
    <property name="user.name" value="sivaj"/>
    <property name="path.separator" value=";"/>
    <property name="os.version" value="10.0"/>
    <property name="java.endorsed.dirs" value="C:\Program Files\Java\jdk1.8.0_261\jre\lib\endorsed"/>
    <property name="java.runtime.name" value="Java(TM) SE Runtime Environment"/>
    <property name="file.encoding" value="Cp1252"/>
    <property name="java.vm.name" value="Java HotSpot(TM) 64-Bit Server VM"/>
    <property name="localRepository" value="C:\Users\sivaj\.m2\repository"/>
    <property name="java.vendor.url.bug" value="http://bugreport.sun.com/bugreport/"/>
    <property name="java.io.tmpdir" value="C:\Users\sivaj\AppData\Local\Temp\"/>
    <property name="java.version" value="1.8.0_261"/>
    <property name="user.dir" value="C:\Users\sivaj\eclipse-workspace\FreeCRMTestAutomation"/>
    <property name="os.arch" value="amd64"/>
    <property name="java.vm.specification.name" value="Java Virtual Machine Specification"/>
    <property name="java.awt.printerjob" value="sun.awt.windows.WPrinterJob"/>
    <property name="sun.os.patch.level" value=""/>
    <property name="java.library.path" value="C:\Program Files\Java\jdk1.8.0_261\jre\bin;C:\WINDOWS\Sun\Java\bin;C:\WINDOWS\system32;C:\WINDOWS;C:\Python39\Scripts\;C:\Python39\;C:\Program Files (x86)\Common Files\Oracle\Java\javapath;C:\Windows\system32;C:\Windows;C:\Windows\System32\Wbem;C:\Windows\System32\WindowsPowerShell\v1.0\;C:\Windows\System32\OpenSSH\;C:\Program Files (x86)\NVIDIA Corporation\PhysX\Common;C:\Program Files\Java\jdk1.8.0_261\bin;C:\Users\sivaj\Downloads\apache-maven-3.6.3-bin\apache-maven-3.6.3\bin;C:\WINDOWS\system32;C:\WINDOWS;C:\WINDOWS\System32\Wbem;C:\WINDOWS\System32\WindowsPowerShell\v1.0\;C:\WINDOWS\System32\OpenSSH\;C:\Program Files\nodejs\;C:\ProgramData\chocolatey\bin;C:\Program Files\Intel\Intel(R) Memory and Storage Tool\;C:\Program Files\Git\cmd;C:\Program Files\MySQL\MySQL Shell 8.0\bin\;C:\Users\sivaj\AppData\Local\Microsoft\WindowsApps;C:\Program Files\JetBrains\IntelliJ IDEA Community Edition 2021.1.1\bin;;C:\Users\sivaj\AppData\Local\Programs\Microsoft VS Code\bin;C:\Users\sivaj\AppData\Roaming\npm;C:\Program Files\nodejs;;."/>
    <property name="java.vm.info" value="mixed mode"/>
    <property name="java.vendor" value="Oracle Corporation"/>
    <property name="java.vm.version" value="25.261-b12"/>
    <property name="java.ext.dirs" value="C:\Program Files\Java\jdk1.8.0_261\jre\lib\ext;C:\WINDOWS\Sun\Java\lib\ext"/>
    <property name="sun.io.unicode.encoding" value="UnicodeLittle"/>
    <property name="java.class.version" value="52.0"/>
  </properties>
  <testcase name="validateHomePageTitleTest" classname="com.wbl.testcases.HomePageTest" time="4.717">
    <system-out><![CDATA[[TestNGContentHandler] [WARN] It is strongly recommended to add "<!DOCTYPE suite SYSTEM "http://testng.org/testng-1.0.dtd" >" at the top of your file, otherwise TestNG may fail or not work as expected.
before navigating to:https://www.rediff.com/
naviagte to: https://www.rediff.com/
web element found by : By.xpath: //a[text()='Sign in']
after clicked on element[[ChromeDriver: chrome on WINDOWS (21f8fb0954f2b73a111bdc896dedf55a)] -> xpath: //a[text()='Sign in']]
web element found by : By.xpath: //input[@id='login1']
web element found by : By.xpath: //input[@id='password']
web element found by : By.xpath: //input[@name='proceed']
after clicked on element[[ChromeDriver: chrome on WINDOWS (21f8fb0954f2b73a111bdc896dedf55a)] -> xpath: //input[@name='proceed']]
]]></system-out>
    <system-err><![CDATA[Starting ChromeDriver 95.0.4638.17 (a9d0719444d4b035e284ed1fce73bf6ccd789df2-refs/branch-heads/4638@{#178}) on port 13414
Only local connections are allowed.
Please see https://chromedriver.chromium.org/security-considerations for suggestions on keeping ChromeDriver safe.
ChromeDriver was started successfully.
[1637795696.586][WARNING]: This version of ChromeDriver has not been tested with Chrome version 96.
Nov 24, 2021 4:14:56 PM org.openqa.selenium.remote.ProtocolHandshake createSession
INFO: Detected dialect: W3C
]]></system-err>
  </testcase>
  <testcase name="validateUserNameTest" classname="com.wbl.testcases.HomePageTest" time="0.009">
    <system-out><![CDATA[[INFO ] 2021-11-24 16:16:24,084 Listeners.onTestSuccess() - suceffuly passed testcase: createnewContactTestin method: createnewContactTest
before navigating to:https://www.rediff.com/
naviagte to: https://www.rediff.com/
web element found by : By.xpath: //a[text()='Sign in']
after clicked on element[[ChromeDriver: chrome on WINDOWS (45133e7186067b4bfbc57596720d913b)] -> xpath: //a[text()='Sign in']]
web element found by : By.xpath: //input[@id='login1']
web element found by : By.xpath: //input[@id='password']
web element found by : By.xpath: //input[@name='proceed']
after clicked on element[[ChromeDriver: chrome on WINDOWS (45133e7186067b4bfbc57596720d913b)] -> xpath: //input[@name='proceed']]
web element found by : By.xpath: //a[text()='bhavana rayabandi']
]]></system-out>
    <system-err><![CDATA[Starting ChromeDriver 95.0.4638.17 (a9d0719444d4b035e284ed1fce73bf6ccd789df2-refs/branch-heads/4638@{#178}) on port 9826
Only local connections are allowed.
Please see https://chromedriver.chromium.org/security-considerations for suggestions on keeping ChromeDriver safe.
ChromeDriver was started successfully.
[1637795785.929][WARNING]: This version of ChromeDriver has not been tested with Chrome version 96.
Nov 24, 2021 4:16:26 PM org.openqa.selenium.remote.ProtocolHandshake createSession
INFO: Detected dialect: W3C
]]></system-err>
  </testcase>
  <testcase name="clickOnContanctsTest" classname="com.wbl.testcases.HomePageTest" time="7.607">
    <system-out><![CDATA[failed the execution
test case failed at :selectContactTest
[ERROR] 2021-11-24 16:17:17,155 Listeners.onTestFailure() -  failed testcase: selectContactTest
before navigating to:https://www.rediff.com/
naviagte to: https://www.rediff.com/
web element found by : By.xpath: //a[text()='Sign in']
after clicked on element[[ChromeDriver: chrome on WINDOWS (2bad399b1f931db3995fb20109f86982)] -> xpath: //a[text()='Sign in']]
web element found by : By.xpath: //input[@id='login1']
web element found by : By.xpath: //input[@id='password']
web element found by : By.xpath: //input[@name='proceed']
after clicked on element[[ChromeDriver: chrome on WINDOWS (2bad399b1f931db3995fb20109f86982)] -> xpath: //input[@name='proceed']]
web element found by : By.xpath: //div[@class='rd_wid2']/h4
after clicked on element[[ChromeDriver: chrome on WINDOWS (2bad399b1f931db3995fb20109f86982)] -> xpath: //div[@class='rd_wid2']/h4]
]]></system-out>
    <system-err><![CDATA[Starting ChromeDriver 95.0.4638.17 (a9d0719444d4b035e284ed1fce73bf6ccd789df2-refs/branch-heads/4638@{#178}) on port 41756
Only local connections are allowed.
Please see https://chromedriver.chromium.org/security-considerations for suggestions on keeping ChromeDriver safe.
ChromeDriver was started successfully.
[1637795839.050][WARNING]: This version of ChromeDriver has not been tested with Chrome version 96.
Nov 24, 2021 4:17:19 PM org.openqa.selenium.remote.ProtocolHandshake createSession
INFO: Detected dialect: W3C
]]></system-err>
  </testcase>
  <testcase name="loginPageTitleTest" classname="com.wbl.testcases.LoginPageTest" time="0.012">
    <system-out><![CDATA[[INFO ] 2021-11-24 16:15:07,486 Listeners.onTestSuccess() - suceffuly passed testcase: validateHomePageTitleTestin method: validateHomePageTitleTest
before navigating to:https://www.rediff.com/
naviagte to: https://www.rediff.com/
[INFO ] 2021-11-24 16:15:11,680 LoginPageTest.setUp() - driver invoked and launched browser succefully
Rediff.com: News | Rediffmail | Stock Quotes | Shopping
[INFO ] 2021-11-24 16:15:11,690 LoginPageTest.loginPageTitleTest() - sucessfully validated the title
]]></system-out>
    <system-err><![CDATA[Starting ChromeDriver 95.0.4638.17 (a9d0719444d4b035e284ed1fce73bf6ccd789df2-refs/branch-heads/4638@{#178}) on port 19348
Only local connections are allowed.
Please see https://chromedriver.chromium.org/security-considerations for suggestions on keeping ChromeDriver safe.
ChromeDriver was started successfully.
[1637795709.433][WARNING]: This version of ChromeDriver has not been tested with Chrome version 96.
Nov 24, 2021 4:15:09 PM org.openqa.selenium.remote.ProtocolHandshake createSession
INFO: Detected dialect: W3C
]]></system-err>
  </testcase>
  <testcase name="LoginTest" classname="com.wbl.testcases.LoginPageTest" time="9.951">
    <system-out><![CDATA[[INFO ] 2021-11-24 16:16:37,298 Listeners.onTestSuccess() - suceffuly passed testcase: validateUserNameTestin method: validateUserNameTest
before navigating to:https://www.rediff.com/
naviagte to: https://www.rediff.com/
[INFO ] 2021-11-24 16:16:41,538 LoginPageTest.setUp() - driver invoked and launched browser succefully
web element found by : By.xpath: //a[text()='Sign in']
after clicked on element[[ChromeDriver: chrome on WINDOWS (41a126e7f479e7be3cd1251e377d700b)] -> xpath: //a[text()='Sign in']]
web element found by : By.xpath: //input[@id='login1']
web element found by : By.xpath: //input[@id='password']
web element found by : By.xpath: //input[@name='proceed']
after clicked on element[[ChromeDriver: chrome on WINDOWS (41a126e7f479e7be3cd1251e377d700b)] -> xpath: //input[@name='proceed']]
]]></system-out>
    <system-err><![CDATA[Starting ChromeDriver 95.0.4638.17 (a9d0719444d4b035e284ed1fce73bf6ccd789df2-refs/branch-heads/4638@{#178}) on port 47681
Only local connections are allowed.
Please see https://chromedriver.chromium.org/security-considerations for suggestions on keeping ChromeDriver safe.
ChromeDriver was started successfully.
[1637795799.222][WARNING]: This version of ChromeDriver has not been tested with Chrome version 96.
Nov 24, 2021 4:16:39 PM org.openqa.selenium.remote.ProtocolHandshake createSession
INFO: Detected dialect: W3C
]]></system-err>
  </testcase>
  <testcase name="createnewContactTest[Sheryl tom, sheryl98@gmail.com, CU, personal](1)" classname="com.wbl.testcases.ContactspageTest" time="2.531">
    <system-out><![CDATA[[INFO ] 2021-11-24 16:15:11,691 Listeners.onTestSuccess() - suceffuly passed testcase: loginPageTitleTestin method: loginPageTitleTest
before navigating to:https://www.rediff.com/
naviagte to: https://www.rediff.com/
web element found by : By.xpath: //a[text()='Sign in']
after clicked on element[[ChromeDriver: chrome on WINDOWS (0d3a4b84e3503562e12be013755dcc7d)] -> xpath: //a[text()='Sign in']]
web element found by : By.xpath: //input[@id='login1']
web element found by : By.xpath: //input[@id='password']
web element found by : By.xpath: //input[@name='proceed']
after clicked on element[[ChromeDriver: chrome on WINDOWS (0d3a4b84e3503562e12be013755dcc7d)] -> xpath: //input[@name='proceed']]
bhavana.rayabandi
web element found by : By.xpath: //div[@class='rd_wid2']/h4
after clicked on element[[ChromeDriver: chrome on WINDOWS (0d3a4b84e3503562e12be013755dcc7d)] -> xpath: //div[@class='rd_wid2']/h4]
web element found by : By.xpath: //div[@id='rdAddContactHandle']
after clicked on element[[ChromeDriver: chrome on WINDOWS (0d3a4b84e3503562e12be013755dcc7d)] -> xpath: //div[@id='rdAddContactHandle']]
web element found by : By.xpath: //input[@id='contact_full_name']
web element found by : By.xpath: //input[@id='contact_email']
web element found by : By.xpath: //input[@id='contact_company_name']
web element found by : By.xpath: //select[@id='contact_ind_group_list']
web element found by : By.xpath: //select[@id='contact_ind_group_list']
web element found by : By.xpath: //select[@id='contact_ind_group_list']
web element found by : By.xpath: .//option[@value = "personal"]
after clicked on element[[[[ChromeDriver: chrome on WINDOWS (0d3a4b84e3503562e12be013755dcc7d)] -> xpath: //select[@id='contact_ind_group_list']]] -> xpath: .//option[@value = "personal"]]
web element found by : By.xpath: //div[@id='save_contact']
after clicked on element[[ChromeDriver: chrome on WINDOWS (0d3a4b84e3503562e12be013755dcc7d)] -> xpath: //div[@id='save_contact']]
]]></system-out>
    <system-err><![CDATA[Starting ChromeDriver 95.0.4638.17 (a9d0719444d4b035e284ed1fce73bf6ccd789df2-refs/branch-heads/4638@{#178}) on port 32207
Only local connections are allowed.
Please see https://chromedriver.chromium.org/security-considerations for suggestions on keeping ChromeDriver safe.
ChromeDriver was started successfully.
[1637795714.271][WARNING]: This version of ChromeDriver has not been tested with Chrome version 96.
Nov 24, 2021 4:15:14 PM org.openqa.selenium.remote.ProtocolHandshake createSession
INFO: Detected dialect: W3C
]]></system-err>
  </testcase>
  <testcase name="createnewContactTest[fathima mumthaz, fathimahacker@gmail.com, Amazon, office](2)" classname="com.wbl.testcases.ContactspageTest" time="1.256">
    <system-out><![CDATA[[INFO ] 2021-11-24 16:15:29,280 Listeners.onTestSuccess() - suceffuly passed testcase: createnewContactTestin method: createnewContactTest
before navigating to:https://www.rediff.com/
naviagte to: https://www.rediff.com/
web element found by : By.xpath: //a[text()='Sign in']
after clicked on element[[ChromeDriver: chrome on WINDOWS (6eae1a004dbfae39b84e433428bea986)] -> xpath: //a[text()='Sign in']]
web element found by : By.xpath: //input[@id='login1']
web element found by : By.xpath: //input[@id='password']
web element found by : By.xpath: //input[@name='proceed']
after clicked on element[[ChromeDriver: chrome on WINDOWS (6eae1a004dbfae39b84e433428bea986)] -> xpath: //input[@name='proceed']]
bhavana.rayabandi
web element found by : By.xpath: //div[@class='rd_wid2']/h4
after clicked on element[[ChromeDriver: chrome on WINDOWS (6eae1a004dbfae39b84e433428bea986)] -> xpath: //div[@class='rd_wid2']/h4]
web element found by : By.xpath: //div[@id='rdAddContactHandle']
after clicked on element[[ChromeDriver: chrome on WINDOWS (6eae1a004dbfae39b84e433428bea986)] -> xpath: //div[@id='rdAddContactHandle']]
web element found by : By.xpath: //input[@id='contact_full_name']
web element found by : By.xpath: //input[@id='contact_email']
web element found by : By.xpath: //input[@id='contact_company_name']
web element found by : By.xpath: //select[@id='contact_ind_group_list']
web element found by : By.xpath: //select[@id='contact_ind_group_list']
web element found by : By.xpath: //select[@id='contact_ind_group_list']
web element found by : By.xpath: .//option[@value = "office"]
after clicked on element[[[[ChromeDriver: chrome on WINDOWS (6eae1a004dbfae39b84e433428bea986)] -> xpath: //select[@id='contact_ind_group_list']]] -> xpath: .//option[@value = "office"]]
web element found by : By.xpath: //div[@id='save_contact']
after clicked on element[[ChromeDriver: chrome on WINDOWS (6eae1a004dbfae39b84e433428bea986)] -> xpath: //div[@id='save_contact']]
]]></system-out>
    <system-err><![CDATA[Starting ChromeDriver 95.0.4638.17 (a9d0719444d4b035e284ed1fce73bf6ccd789df2-refs/branch-heads/4638@{#178}) on port 31556
Only local connections are allowed.
Please see https://chromedriver.chromium.org/security-considerations for suggestions on keeping ChromeDriver safe.
ChromeDriver was started successfully.
[1637795731.167][WARNING]: This version of ChromeDriver has not been tested with Chrome version 96.
Nov 24, 2021 4:15:31 PM org.openqa.selenium.remote.ProtocolHandshake createSession
INFO: Detected dialect: W3C
]]></system-err>
  </testcase>
  <testcase name="createnewContactTest[sarayu kumari, kumarisarayu@gmail.com, IBM, school](3)" classname="com.wbl.testcases.ContactspageTest" time="1.285">
    <system-out><![CDATA[[INFO ] 2021-11-24 16:15:46,611 Listeners.onTestSuccess() - suceffuly passed testcase: createnewContactTestin method: createnewContactTest
before navigating to:https://www.rediff.com/
naviagte to: https://www.rediff.com/
web element found by : By.xpath: //a[text()='Sign in']
after clicked on element[[ChromeDriver: chrome on WINDOWS (3a2941fff682d9fa28d8ed4000fea8f7)] -> xpath: //a[text()='Sign in']]
web element found by : By.xpath: //input[@id='login1']
web element found by : By.xpath: //input[@id='password']
web element found by : By.xpath: //input[@name='proceed']
after clicked on element[[ChromeDriver: chrome on WINDOWS (3a2941fff682d9fa28d8ed4000fea8f7)] -> xpath: //input[@name='proceed']]
bhavana.rayabandi
web element found by : By.xpath: //div[@class='rd_wid2']/h4
after clicked on element[[ChromeDriver: chrome on WINDOWS (3a2941fff682d9fa28d8ed4000fea8f7)] -> xpath: //div[@class='rd_wid2']/h4]
web element found by : By.xpath: //div[@id='rdAddContactHandle']
after clicked on element[[ChromeDriver: chrome on WINDOWS (3a2941fff682d9fa28d8ed4000fea8f7)] -> xpath: //div[@id='rdAddContactHandle']]
web element found by : By.xpath: //input[@id='contact_full_name']
web element found by : By.xpath: //input[@id='contact_email']
web element found by : By.xpath: //input[@id='contact_company_name']
web element found by : By.xpath: //select[@id='contact_ind_group_list']
web element found by : By.xpath: //select[@id='contact_ind_group_list']
web element found by : By.xpath: //select[@id='contact_ind_group_list']
web element found by : By.xpath: .//option[@value = "school"]
after clicked on element[[[[ChromeDriver: chrome on WINDOWS (3a2941fff682d9fa28d8ed4000fea8f7)] -> xpath: //select[@id='contact_ind_group_list']]] -> xpath: .//option[@value = "school"]]
web element found by : By.xpath: //div[@id='save_contact']
after clicked on element[[ChromeDriver: chrome on WINDOWS (3a2941fff682d9fa28d8ed4000fea8f7)] -> xpath: //div[@id='save_contact']]
]]></system-out>
    <system-err><![CDATA[Starting ChromeDriver 95.0.4638.17 (a9d0719444d4b035e284ed1fce73bf6ccd789df2-refs/branch-heads/4638@{#178}) on port 22303
Only local connections are allowed.
Please see https://chromedriver.chromium.org/security-considerations for suggestions on keeping ChromeDriver safe.
ChromeDriver was started successfully.
[1637795748.930][WARNING]: This version of ChromeDriver has not been tested with Chrome version 96.
Nov 24, 2021 4:15:49 PM org.openqa.selenium.remote.ProtocolHandshake createSession
INFO: Detected dialect: W3C
]]></system-err>
  </testcase>
  <testcase name="createnewContactTest[pallavi singh, pallavisingh@gmail.com, TCS, office](4)" classname="com.wbl.testcases.ContactspageTest" time="1.336">
    <system-out><![CDATA[[INFO ] 2021-11-24 16:16:06,891 Listeners.onTestSuccess() - suceffuly passed testcase: createnewContactTestin method: createnewContactTest
before navigating to:https://www.rediff.com/
naviagte to: https://www.rediff.com/
web element found by : By.xpath: //a[text()='Sign in']
after clicked on element[[ChromeDriver: chrome on WINDOWS (2de734a45187ee680409a75c41523653)] -> xpath: //a[text()='Sign in']]
web element found by : By.xpath: //input[@id='login1']
web element found by : By.xpath: //input[@id='password']
web element found by : By.xpath: //input[@name='proceed']
after clicked on element[[ChromeDriver: chrome on WINDOWS (2de734a45187ee680409a75c41523653)] -> xpath: //input[@name='proceed']]
bhavana.rayabandi
web element found by : By.xpath: //div[@class='rd_wid2']/h4
after clicked on element[[ChromeDriver: chrome on WINDOWS (2de734a45187ee680409a75c41523653)] -> xpath: //div[@class='rd_wid2']/h4]
web element found by : By.xpath: //div[@id='rdAddContactHandle']
after clicked on element[[ChromeDriver: chrome on WINDOWS (2de734a45187ee680409a75c41523653)] -> xpath: //div[@id='rdAddContactHandle']]
web element found by : By.xpath: //input[@id='contact_full_name']
web element found by : By.xpath: //input[@id='contact_email']
web element found by : By.xpath: //input[@id='contact_company_name']
web element found by : By.xpath: //select[@id='contact_ind_group_list']
web element found by : By.xpath: //select[@id='contact_ind_group_list']
web element found by : By.xpath: //select[@id='contact_ind_group_list']
web element found by : By.xpath: .//option[@value = "office"]
after clicked on element[[[[ChromeDriver: chrome on WINDOWS (2de734a45187ee680409a75c41523653)] -> xpath: //select[@id='contact_ind_group_list']]] -> xpath: .//option[@value = "office"]]
web element found by : By.xpath: //div[@id='save_contact']
after clicked on element[[ChromeDriver: chrome on WINDOWS (2de734a45187ee680409a75c41523653)] -> xpath: //div[@id='save_contact']]
]]></system-out>
    <system-err><![CDATA[Starting ChromeDriver 95.0.4638.17 (a9d0719444d4b035e284ed1fce73bf6ccd789df2-refs/branch-heads/4638@{#178}) on port 4287
Only local connections are allowed.
Please see https://chromedriver.chromium.org/security-considerations for suggestions on keeping ChromeDriver safe.
ChromeDriver was started successfully.
[1637795769.086][WARNING]: This version of ChromeDriver has not been tested with Chrome version 96.
Nov 24, 2021 4:16:09 PM org.openqa.selenium.remote.ProtocolHandshake createSession
INFO: Detected dialect: W3C
]]></system-err>
  </testcase>
  <testcase name="selectContactTest" classname="com.wbl.testcases.ContactspageTest" time="10.776">
    <failure message="no such element: Unable to locate element: {&quot;method&quot;:&quot;xpath&quot;,&quot;selector&quot;:&quot;//a[text()=&apos;padm&apos;]/parent::span/parent::li/cite&quot;}&#10;  (Session info: chrome=96.0.4664.45)&#10;For documentation on this error, please visit: https://www.seleniumhq.org/exceptions/no_such_element.html&#10;Build info: version: &apos;3.141.59&apos;, revision: &apos;e82be7d358&apos;, time: &apos;2018-11-14T08:17:03&apos;&#10;System info: host: &apos;LAPTOP-LNB1H88U&apos;, ip: &apos;192.168.1.7&apos;, os.name: &apos;Windows 10&apos;, os.arch: &apos;amd64&apos;, os.version: &apos;10.0&apos;, java.version: &apos;1.8.0_261&apos;&#10;Driver info: org.openqa.selenium.chrome.ChromeDriver&#10;Capabilities {acceptInsecureCerts: false, browserName: chrome, browserVersion: 96.0.4664.45, chrome: {chromedriverVersion: 95.0.4638.17 (a9d0719444d4b..., userDataDir: C:\Users\sivaj\AppData\Loca...}, goog:chromeOptions: {debuggerAddress: localhost:58684}, javascriptEnabled: true, networkConnectionEnabled: false, pageLoadStrategy: normal, platform: WINDOWS, platformName: WINDOWS, proxy: Proxy(), setWindowRect: true, strictFileInteractability: false, timeouts: {implicit: 0, pageLoad: 300000, script: 30000}, unhandledPromptBehavior: dismiss and notify, webauthn:extension:credBlob: true, webauthn:extension:largeBlob: true, webauthn:virtualAuthenticators: true}&#10;Session ID: 198360bc39e647a7a2374e6dcc9ee871&#10;*** Element info: {Using=xpath, value=//a[text()=&apos;padm&apos;]/parent::span/parent::li/cite}" type="org.openqa.selenium.NoSuchElementException"><![CDATA[org.openqa.selenium.NoSuchElementException: 
no such element: Unable to locate element: {"method":"xpath","selector":"//a[text()='padm']/parent::span/parent::li/cite"}
  (Session info: chrome=96.0.4664.45)
For documentation on this error, please visit: https://www.seleniumhq.org/exceptions/no_such_element.html
Build info: version: '3.141.59', revision: 'e82be7d358', time: '2018-11-14T08:17:03'
System info: host: 'LAPTOP-LNB1H88U', ip: '192.168.1.7', os.name: 'Windows 10', os.arch: 'amd64', os.version: '10.0', java.version: '1.8.0_261'
Driver info: org.openqa.selenium.chrome.ChromeDriver
Capabilities {acceptInsecureCerts: false, browserName: chrome, browserVersion: 96.0.4664.45, chrome: {chromedriverVersion: 95.0.4638.17 (a9d0719444d4b..., userDataDir: C:\Users\sivaj\AppData\Loca...}, goog:chromeOptions: {debuggerAddress: localhost:58684}, javascriptEnabled: true, networkConnectionEnabled: false, pageLoadStrategy: normal, platform: WINDOWS, platformName: WINDOWS, proxy: Proxy(), setWindowRect: true, strictFileInteractability: false, timeouts: {implicit: 0, pageLoad: 300000, script: 30000}, unhandledPromptBehavior: dismiss and notify, webauthn:extension:credBlob: true, webauthn:extension:largeBlob: true, webauthn:virtualAuthenticators: true}
Session ID: 198360bc39e647a7a2374e6dcc9ee871
*** Element info: {Using=xpath, value=//a[text()='padm']/parent::span/parent::li/cite}
	at com.wbl.testcases.ContactspageTest.selectContactTest(ContactspageTest.java:91)
]]></failure>
    <system-out><![CDATA[[INFO ] 2021-11-24 16:16:51,466 Listeners.onTestSuccess() - suceffuly passed testcase: LoginTestin method: LoginTest
before navigating to:https://www.rediff.com/
naviagte to: https://www.rediff.com/
web element found by : By.xpath: //a[text()='Sign in']
after clicked on element[[ChromeDriver: chrome on WINDOWS (198360bc39e647a7a2374e6dcc9ee871)] -> xpath: //a[text()='Sign in']]
web element found by : By.xpath: //input[@id='login1']
web element found by : By.xpath: //input[@id='password']
web element found by : By.xpath: //input[@name='proceed']
after clicked on element[[ChromeDriver: chrome on WINDOWS (198360bc39e647a7a2374e6dcc9ee871)] -> xpath: //input[@name='proceed']]
bhavana.rayabandi
web element found by : By.xpath: //div[@class='rd_wid2']/h4
after clicked on element[[ChromeDriver: chrome on WINDOWS (198360bc39e647a7a2374e6dcc9ee871)] -> xpath: //div[@class='rd_wid2']/h4]
Execption occuredorg.openqa.selenium.NoSuchElementException: no such element: Unable to locate element: {"method":"xpath","selector":"//a[text()='padm']/parent::span/parent::li/cite"}
  (Session info: chrome=96.0.4664.45)
For documentation on this error, please visit: https://www.seleniumhq.org/exceptions/no_such_element.html
Build info: version: '3.141.59', revision: 'e82be7d358', time: '2018-11-14T08:17:03'
System info: host: 'LAPTOP-LNB1H88U', ip: '192.168.1.7', os.name: 'Windows 10', os.arch: 'amd64', os.version: '10.0', java.version: '1.8.0_261'
Driver info: org.openqa.selenium.chrome.ChromeDriver
Capabilities {acceptInsecureCerts: false, browserName: chrome, browserVersion: 96.0.4664.45, chrome: {chromedriverVersion: 95.0.4638.17 (a9d0719444d4b..., userDataDir: C:\Users\sivaj\AppData\Loca...}, goog:chromeOptions: {debuggerAddress: localhost:58684}, javascriptEnabled: true, networkConnectionEnabled: false, pageLoadStrategy: normal, platform: WINDOWS, platformName: WINDOWS, proxy: Proxy(), setWindowRect: true, strictFileInteractability: false, timeouts: {implicit: 0, pageLoad: 300000, script: 30000}, unhandledPromptBehavior: dismiss and notify, webauthn:extension:credBlob: true, webauthn:extension:largeBlob: true, webauthn:virtualAuthenticators: true}
Session ID: 198360bc39e647a7a2374e6dcc9ee871
*** Element info: {Using=xpath, value=//a[text()='padm']/parent::span/parent::li/cite}
]]></system-out>
    <system-err><![CDATA[Starting ChromeDriver 95.0.4638.17 (a9d0719444d4b035e284ed1fce73bf6ccd789df2-refs/branch-heads/4638@{#178}) on port 7218
Only local connections are allowed.
Please see https://chromedriver.chromium.org/security-considerations for suggestions on keeping ChromeDriver safe.
ChromeDriver was started successfully.
[1637795813.308][WARNING]: This version of ChromeDriver has not been tested with Chrome version 96.
Nov 24, 2021 4:16:53 PM org.openqa.selenium.remote.ProtocolHandshake createSession
INFO: Detected dialect: W3C
]]></system-err>
  </testcase>
</testsuite>